# JRE version: OpenJDK Runtime Environment (20.0.2+9) (build 20.0.2+9-78)
# Java VM: OpenJDK 64-Bit Server VM (20.0.2+9-78, mixed mode, emulated-client, sharing, tiered, compressed oops, compressed class ptrs, g1 gc, windows-amd64)
GC Precious Log:
 CardTable entry size: 512
 Card Set container configuration: InlinePtr #cards 5 size 8 Array Of Cards #cards 12 size 40 Howl #buckets 4 coarsen threshold 1843 Howl Bitmap #cards 512 size 80 coarsen threshold 460 Card regions per heap region 1 cards per card region 2048
 CPUs: 4 total, 4 available
 Memory: 3930M
 Large Page Support: Disabled
 NUMA Support: Disabled
 Compressed Oops: Enabled (32-bit)
 Heap Region Size: 1M
 Heap Min Capacity: 8M
 Heap Initial Capacity: 62M
 Heap Max Capacity: 984M
 Pre-touch: Disabled
 Parallel Workers: 4
 Concurrent Workers: 1
 Concurrent Refinement Workers: 4
 Periodic GC: Disabled
Heap:
 garbage-first heap   total 71680K, used 56912K [0x00000000c2800000, 0x0000000100000000)
  region size 1024K, 27 young (27648K), 3 survivors (3072K)
 Metaspace       used 52613K, committed 53440K, reserved 1114112K
  class space    used 7538K, committed 7936K, reserved 1048576K
GC Heap History (20 events):
Event: 4.050 GC heap before
{Heap before GC invocations=2 (full 0):
 garbage-first heap   total 63488K, used 34264K [0x00000000c2800000, 0x0000000100000000)
  region size 1024K, 28 young (28672K), 2 survivors (2048K)
 Metaspace       used 12794K, committed 13184K, reserved 1114112K
  class space    used 1701K, committed 1856K, reserved 1048576K
}
Event: 4.055 GC heap after
{Heap after GC invocations=3 (full 0):
 garbage-first heap   total 63488K, used 10785K [0x00000000c2800000, 0x0000000100000000)
  region size 1024K, 4 young (4096K), 4 survivors (4096K)
 Metaspace       used 12794K, committed 13184K, reserved 1114112K
  class space    used 1701K, committed 1856K, reserved 1048576K
}
Event: 4.782 GC heap before
{Heap before GC invocations=3 (full 0):
 garbage-first heap   total 63488K, used 42529K [0x00000000c2800000, 0x0000000100000000)
  region size 1024K, 36 young (36864K), 4 survivors (4096K)
 Metaspace       used 19461K, committed 19840K, reserved 1114112K
  class space    used 2483K, committed 2688K, reserved 1048576K
}
Event: 4.792 GC heap after
{Heap after GC invocations=4 (full 0):
 garbage-first heap   total 63488K, used 13638K [0x00000000c2800000, 0x0000000100000000)
  region size 1024K, 5 young (5120K), 5 survivors (5120K)
 Metaspace       used 19461K, committed 19840K, reserved 1114112K
  class space    used 2483K, committed 2688K, reserved 1048576K
}
Event: 5.967 GC heap before
{Heap before GC invocations=4 (full 0):
 garbage-first heap   total 63488K, used 42310K [0x00000000c2800000, 0x0000000100000000)
  region size 1024K, 34 young (34816K), 5 survivors (5120K)
 Metaspace       used 21101K, committed 21504K, reserved 1114112K
  class space    used 2735K, committed 2944K, reserved 1048576K
}
Event: 5.977 GC heap after
{Heap after GC invocations=5 (full 0):
 garbage-first heap   total 63488K, used 15019K [0x00000000c2800000, 0x0000000100000000)
  region size 1024K, 5 young (5120K), 5 survivors (5120K)
 Metaspace       used 21101K, committed 21504K, reserved 1114112K
  class space    used 2735K, committed 2944K, reserved 1048576K
}
Event: 6.701 GC heap before
{Heap before GC invocations=6 (full 0):
 garbage-first heap   total 58368K, used 44715K [0x00000000c2800000, 0x0000000100000000)
  region size 1024K, 34 young (34816K), 5 survivors (5120K)
 Metaspace       used 24632K, committed 25152K, reserved 1114112K
  class space    used 3287K, committed 3520K, reserved 1048576K
}
Event: 6.713 GC heap after
{Heap after GC invocations=7 (full 0):
 garbage-first heap   total 58368K, used 17722K [0x00000000c2800000, 0x0000000100000000)
  region size 1024K, 5 young (5120K), 5 survivors (5120K)
 Metaspace       used 24632K, committed 25152K, reserved 1114112K
  class space    used 3287K, committed 3520K, reserved 1048576K
}
Event: 7.451 GC heap before
{Heap before GC invocations=7 (full 0):
 garbage-first heap   total 58368K, used 48442K [0x00000000c2800000, 0x0000000100000000)
  region size 1024K, 34 young (34816K), 5 survivors (5120K)
 Metaspace       used 29349K, committed 29952K, reserved 1114112K
  class space    used 3949K, committed 4224K, reserved 1048576K
}
Event: 7.468 GC heap after
{Heap after GC invocations=8 (full 0):
 garbage-first heap   total 58368K, used 19993K [0x00000000c2800000, 0x0000000100000000)
  region size 1024K, 5 young (5120K), 5 survivors (5120K)
 Metaspace       used 29349K, committed 29952K, reserved 1114112K
  class space    used 3949K, committed 4224K, reserved 1048576K
}
Event: 7.836 GC heap before
{Heap before GC invocations=8 (full 0):
 garbage-first heap   total 58368K, used 47641K [0x00000000c2800000, 0x0000000100000000)
  region size 1024K, 32 young (32768K), 5 survivors (5120K)
 Metaspace       used 31129K, committed 31808K, reserved 1114112K
  class space    used 4215K, committed 4544K, reserved 1048576K
}
Event: 7.846 GC heap after
{Heap after GC invocations=9 (full 0):
 garbage-first heap   total 58368K, used 22294K [0x00000000c2800000, 0x0000000100000000)
  region size 1024K, 2 young (2048K), 2 survivors (2048K)
 Metaspace       used 31129K, committed 31808K, reserved 1114112K
  class space    used 4215K, committed 4544K, reserved 1048576K
}
Event: 8.661 GC heap before
{Heap before GC invocations=9 (full 0):
 garbage-first heap   total 58368K, used 42774K [0x00000000c2800000, 0x0000000100000000)
  region size 1024K, 23 young (23552K), 2 survivors (2048K)
 Metaspace       used 35383K, committed 35968K, reserved 1114112K
  class space    used 4858K, committed 5120K, reserved 1048576K
}
Event: 8.675 GC heap after
{Heap after GC invocations=10 (full 0):
 garbage-first heap   total 70656K, used 22988K [0x00000000c2800000, 0x0000000100000000)
  region size 1024K, 3 young (3072K), 3 survivors (3072K)
 Metaspace       used 35383K, committed 35968K, reserved 1114112K
  class space    used 4858K, committed 5120K, reserved 1048576K
}
Event: 9.955 GC heap before
{Heap before GC invocations=11 (full 0):
 garbage-first heap   total 70656K, used 60876K [0x00000000c2800000, 0x0000000100000000)
  region size 1024K, 41 young (41984K), 3 survivors (3072K)
 Metaspace       used 39537K, committed 40128K, reserved 1114112K
  class space    used 5497K, committed 5760K, reserved 1048576K
}
Event: 9.972 GC heap after
{Heap after GC invocations=12 (full 0):
 garbage-first heap   total 71680K, used 29085K [0x00000000c2800000, 0x0000000100000000)
  region size 1024K, 6 young (6144K), 6 survivors (6144K)
 Metaspace       used 39537K, committed 40128K, reserved 1114112K
  class space    used 5497K, committed 5760K, reserved 1048576K
}
Event: 12.338 GC heap before
{Heap before GC invocations=12 (full 0):
 garbage-first heap   total 71680K, used 59805K [0x00000000c2800000, 0x0000000100000000)
  region size 1024K, 36 young (36864K), 6 survivors (6144K)
 Metaspace       used 43297K, committed 44032K, reserved 1114112K
  class space    used 6123K, committed 6464K, reserved 1048576K
}
Event: 12.361 GC heap after
{Heap after GC invocations=13 (full 0):
 garbage-first heap   total 71680K, used 32128K [0x00000000c2800000, 0x0000000100000000)
  region size 1024K, 3 young (3072K), 3 survivors (3072K)
 Metaspace       used 43297K, committed 44032K, reserved 1114112K
  class space    used 6123K, committed 6464K, reserved 1048576K
}
Event: 16.491 GC heap before
{Heap before GC invocations=13 (full 0):
 garbage-first heap   total 71680K, used 60800K [0x00000000c2800000, 0x0000000100000000)
  region size 1024K, 31 young (31744K), 3 survivors (3072K)
 Metaspace       used 47425K, committed 48256K, reserved 1114112K
  class space    used 6763K, committed 7168K, reserved 1048576K
}
Event: 16.505 GC heap after
{Heap after GC invocations=14 (full 0):
 garbage-first heap   total 71680K, used 34384K [0x00000000c2800000, 0x0000000100000000)
  region size 1024K, 3 young (3072K), 3 survivors (3072K)
 Metaspace       used 47425K, committed 48256K, reserved 1114112K
  class space    used 6763K, committed 7168K, reserved 1048576K
}

